<?xml version="1.0" encoding="UTF-8"?>
<beans xmlns="http://www.springframework.org/schema/beans"
	xmlns:xsi="http://www.w3.org/2001/XMLSchema-instance" xmlns:tx="http://www.springframework.org/schema/tx"
	xmlns:context="http://www.springframework.org/schema/context"
	xsi:schemaLocation="http://www.springframework.org/schema/beans http://www.springframework.org/schema/beans/spring-beans.xsd
    http://www.springframework.org/schema/tx http://www.springframework.org/schema/tx/spring-tx.xsd
    http://www.springframework.org/schema/context http://www.springframework.org/schema/context/spring-context.xsd"
	default-autowire="byName">

	<import resource="test-db-spring.xml" />

	<!-- 运营数据库Dao -->
	<bean id="bbMatchDao"
		class="com.xhcms.lottery.commons.persist.dao.impl.BBMatchDaoImpl">
		<property name="sessionFactory" ref="mainSessionFactory" />
	</bean>
	<bean id="bbMatchPlayDao"
		class="com.xhcms.lottery.commons.persist.dao.impl.BBMatchPlayDaoImpl">
		<property name="sessionFactory" ref="mainSessionFactory" />
	</bean>
	<bean id="betMatchDao"
		class="com.xhcms.lottery.commons.persist.dao.impl.BetMatchDaoImpl">
		<property name="sessionFactory" ref="mainSessionFactory" />
	</bean>
	<bean id="betPartnerDao"
		class="com.xhcms.lottery.commons.persist.dao.impl.BetPartnerDaoImpl">
		<property name="sessionFactory" ref="mainSessionFactory" />
	</bean>
	<bean id="betSchemeDao"
		class="com.xhcms.lottery.commons.persist.dao.impl.BetSchemeDaoImpl">
		<property name="sessionFactory" ref="mainSessionFactory" />
	</bean>
	<bean id="fbMatchDao"
		class="com.xhcms.lottery.commons.persist.dao.impl.FBMatchDaoImpl">
		<property name="sessionFactory" ref="mainSessionFactory" />
	</bean>
	<bean id="fbMatchPlayDao"
		class="com.xhcms.lottery.commons.persist.dao.impl.FBMatchPlayDaoImpl">
		<property name="sessionFactory" ref="mainSessionFactory" />
	</bean>
	<bean id="ticketDao"
		class="com.xhcms.lottery.commons.persist.dao.impl.TicketDaoImpl">
		<property name="sessionFactory" ref="mainSessionFactory" />
	</bean>
	<bean id="playDao" class="com.xhcms.lottery.commons.persist.dao.impl.PlayDaoImpl">
		<property name="sessionFactory" ref="mainSessionFactory" />
	</bean>
	<bean id="userDao" class="com.xhcms.lottery.commons.persist.dao.impl.UserDaoImpl">
		<property name="sessionFactory" ref="mainSessionFactory" />
	</bean>
	<bean id="winDao" class="com.xhcms.lottery.commons.persist.dao.impl.WinDaoImpl">
		<property name="sessionFactory" ref="mainSessionFactory" />
	</bean>
	<bean id="grantDao" class="com.xhcms.lottery.commons.persist.dao.impl.GrantDaoImpl">
		<property name="sessionFactory" ref="mainSessionFactory" />
	</bean>
	<!-- 用户战绩Dao -->
	<bean id="userScoreDao"
		class="com.xhcms.lottery.commons.persist.dao.impl.UserScoreDaoImpl">
		<property name="sessionFactory" ref="mainSessionFactory" />
	</bean>
	<bean id="issueinfoDao"
		class="com.xhcms.lottery.commons.persist.dao.impl.IssueinfoDaoImpl">
		<property name="sessionFactory" ref="mainSessionFactory" />
	</bean>
	<bean id="systemConfDao"
		class="com.xhcms.lottery.commons.persist.dao.impl.SystemConfDaoImpl">
		<property name="sessionFactory" ref="mainSessionFactory" />
	</bean>
	<!-- JX11 -->
	<bean id="hfBetContentDao"
		class="com.xhcms.lottery.commons.persist.dao.impl.HfBetContentDaoImpl">
		<property name="sessionFactory" ref="mainSessionFactory" />
	</bean>

	<bean id="psDao" class="com.xhcms.lottery.commons.persist.dao.impl.PsDaoImpl">
		<property name="sessionFactory" ref="mainSessionFactory" />
	</bean>
	<bean id="puDao" class="com.xhcms.lottery.commons.persist.dao.impl.PuDaoImpl">
		<property name="sessionFactory" ref="mainSessionFactory" />
	</bean>
	<bean id="showWinListDao"
		class="com.xhcms.lottery.commons.persist.dao.impl.ShowWinListDaoImpl">
		<property name="sessionFactory" ref="mainSessionFactory" />
	</bean>
	<bean id="followWinListDao"
		class="com.xhcms.lottery.commons.persist.dao.impl.FollowWinListDaoImpl">
		<property name="sessionFactory" ref="mainSessionFactory" />
	</bean>


	<!-- 账务数据库Dao -->
	<bean id="accountDao"
		class="com.xhcms.lottery.commons.persist.dao.impl.AccountDaoImpl">
		<property name="sessionFactory" ref="accountSessionFactory" />
	</bean>
	<bean id="orderDao" class="com.xhcms.lottery.commons.persist.dao.impl.OrderDaoImpl">
		<property name="sessionFactory" ref="accountSessionFactory" />
	</bean>
	<bean id="rechargeDao"
		class="com.xhcms.lottery.commons.persist.dao.impl.RechargeDaoImpl">
		<property name="sessionFactory" ref="accountSessionFactory" />
	</bean>
	<bean id="withdrawDao"
		class="com.xhcms.lottery.commons.persist.dao.impl.WithdrawDaoImpl">
		<property name="sessionFactory" ref="accountSessionFactory" />
	</bean>
	<!-- 跟单Dao -->
	<bean id="recUserDao"
		class="com.xhcms.lottery.commons.persist.dao.impl.RecommendUserDaoImpl">
		<property name="sessionFactory" ref="mainSessionFactory" />
	</bean>
	<!-- 定制Dao -->
	<bean id="customMadeDetailDao"
		class="com.xhcms.lottery.commons.persist.dao.impl.CustomMadeDetailDaoImpl">
		<property name="sessionFactory" ref="mainSessionFactory"></property>
	</bean>
	<bean id="customMadeDao"
		class="com.xhcms.lottery.commons.persist.dao.impl.CustomMadeDaoImpl">
		<property name="sessionFactory" ref="mainSessionFactory"></property>
	</bean>
	<bean id="customMadeAvaiableSchemeDao"
		class="com.xhcms.lottery.commons.persist.dao.impl.CustomMadeAvaiableSchemeDaoImpl">
		<property name="sessionFactory" ref="mainSessionFactory"></property>
	</bean>
	<bean id="ctBetContentDao"
		class="com.xhcms.lottery.commons.persist.dao.impl.CTBetContentDaoImpl">
		<property name="sessionFactory" ref="mainSessionFactory"></property>
	</bean>
	<bean id="ctFBMatchDao"
		class="com.xhcms.lottery.commons.persist.dao.impl.CTFBMatchDaoImpl">
		<property name="sessionFactory" ref="mainSessionFactory"></property>
	</bean>
	<bean id="betSchemePresetDao"
		class="com.xhcms.lottery.commons.persist.dao.impl.BetSchemePresetDaoImpl">
		<property name="sessionFactory" ref="mainSessionFactory" />
	</bean>
	<bean id="ticketPresetDao"
		class="com.xhcms.lottery.commons.persist.dao.impl.TicketPresetDaoImpl">
		<property name="sessionFactory" ref="mainSessionFactory" />
	</bean>
	<bean id="betPartnerPresetDao"
		class="com.xhcms.lottery.commons.persist.dao.impl.BetPartnerPresetDaoImpl">
		<property name="sessionFactory" ref="mainSessionFactory" />
	</bean>
	<bean id="CGJTeamDao"
		class="com.xhcms.lottery.commons.persist.dao.impl.CGJTeamDaoImpl">
		<property name="sessionFactory" ref="mainSessionFactory" />
	</bean>
	<bean id="QTMatchid"
		class="com.unison.lottery.weibo.common.persist.impl.QTMatchidImpl">
		<property name="sessionFactory" ref="mainSessionFactory" />
	</bean>
	<bean id="QTFBMatchDao"
		class="com.xhcms.lottery.account.service.impl.QTFBMatchDaoImpl">
		<property name="sessionFactory" ref="mainSessionFactory" />
	</bean>
	<bean id="QTBBMatchDao"
		class="com.xhcms.lottery.account.service.impl.QTBBMatchDaoImpl">
		<property name="sessionFactory" ref="mainSessionFactory" />
	</bean>
	<!-- bjdc -->
	<bean id="bjdcMatchDao"
		class="com.xhcms.lottery.commons.persist.dao.impl.BJDCMatchDaoImpl">
		<property name="sessionFactory" ref="mainSessionFactory" />
	</bean>
	<bean id="bjdcMatchPlayDao"
		class="com.xhcms.lottery.commons.persist.dao.impl.BJDCMatchPlayDaoImpl">
		<property name="sessionFactory" ref="mainSessionFactory" />
	</bean>
	<bean id="ShowSchemeDao"
		class="com.xhcms.lottery.commons.persist.dao.impl.ShowSchemeDaoImpl">
		<property name="sessionFactory" ref="mainSessionFactory" />
	</bean>
	<bean id="PMPromotionDao"
		class="com.xhcms.lottery.commons.persist.dao.impl.PMPromotionDaoImpl">
		<property name="sessionFactory" ref="mainSessionFactory" />
	</bean>
	<bean id="SsqIssueInfoDao"
		class="com.xhcms.lottery.commons.persist.dao.impl.SsqIssueInfoDaoImpl">
		<property name="sessionFactory" ref="mainSessionFactory" />
	</bean>

	<!-- Service -->
	<bean id="digitalBetService"
		class="com.xhcms.lottery.commons.persist.service.impl.DigitalBetServiceImpl" />
	<bean id="ctBetService"
		class="com.xhcms.lottery.commons.persist.service.impl.CTBetServiceImpl" />
	<bean id="accountService"
		class="com.xhcms.lottery.commons.persist.service.impl.AccountServiceImpl" />
	<bean id="issueService"
		class="com.xhcms.lottery.commons.persist.service.impl.IssueServiceImpl" />
	<bean id="issueinfoPOChangeUtil"
		class="com.xhcms.lottery.commons.util.IssueinfoPOChangeUtilImpl" />
	<bean id="systemConfImpl" class="com.xhcms.lottery.conf.SystemConfImpl" />

	<bean id="pService"
		class="com.xhcms.lottery.mc.persist.service.impl.PhantomServiceImpl" />
	<bean id="ticketService"
		class="com.xhcms.lottery.mc.persist.service.impl.TicketServiceImpl" />
	<bean id="betSchemeService"
		class="com.xhcms.lottery.commons.persist.service.impl.BetSchemeServiceImpl" />
	
	<bean id="betSchemeBaseService" class="com.xhcms.lottery.commons.persist.service.impl.BetSchemeBaseServiceImpl"/>
	
	<bean id="userScoreService"
		class="com.xhcms.lottery.commons.persist.service.impl.UserScoreServiceImpl" />
	<bean id="winListService"
		class="com.xhcms.lottery.commons.persist.service.impl.WinListServiceImpl" />
	<bean id="cacheUserScoreService"
		class="com.xhcms.lottery.commons.persist.service.impl.CacheUserScoreServiceImpl" />
	<bean id="shareUserScore" class="com.xhcms.lottery.commons.data.ShareUserScore" />
	<bean id="presetAwardService"
		class="com.xhcms.lottery.commons.persist.service.impl.PresetAwardServiceImpl" />
	<bean id="WinningNoticeService" class="com.xhcms.lottery.commons.persist.service.impl.WinningNoticeServiceImpl"/>
	<bean id="AwardNoticeService" class="com.xhcms.lottery.commons.persist.service.impl.AwardNoticeServiceImpl"/>
	<bean id="SchemeCacheUpdateNoticeService" class="com.xhcms.lottery.commons.persist.service.impl.SchemeCacheUpdateNoticeServiceImpl"/>
	<bean id="GetPresetSchemeService" class="com.xhcms.lottery.commons.persist.service.impl.GetPresetSchemeServiceImpl"/>
	<bean id="ShowSchemeService" class="com.xhcms.lottery.commons.persist.service.impl.ShowSchemeServiceImpl"/>
	

	<!-- Helper -->
	<bean id="betResolver" class="com.xhcms.lottery.commons.util.BetResolver">
		<property name="strategies">
			<array>
				<bean class="com.xhcms.lottery.commons.utils.internal.JCBetStrategy" />
				<bean class="com.xhcms.lottery.commons.utils.internal.JX11BetStrategy" />
				<bean class="com.xhcms.lottery.commons.utils.internal.CTBetStrategy" />
				<bean class="com.xhcms.lottery.commons.utils.internal.FC3DBetStrategy" />
			</array>
		</property>
	</bean>
	<bean id="prizesResolver" class="com.xhcms.lottery.commons.util.PrizesResolver">
		<property name="prizesStrategys">
			<array>
				<bean class="com.xhcms.lottery.commons.utils.internal.JCPrizesStrategy" />
			</array>
		</property>
	</bean>

	<!-- 消息发送器 -->
	<bean id="messageSender" class="com.xhcms.commons.mq.jms.DefaultMessageSender"
		init-method="init" destroy-method="destroy">
	</bean>
</beans>
