<?xml version="1.0" encoding="UTF-8"?>
<beans xmlns="http://www.springframework.org/schema/beans"
	xmlns:xsi="http://www.w3.org/2001/XMLSchema-instance" xmlns:tx="http://www.springframework.org/schema/tx"
	xmlns:context="http://www.springframework.org/schema/context"
	xsi:schemaLocation="http://www.springframework.org/schema/beans http://www.springframework.org/schema/beans/spring-beans.xsd
    http://www.springframework.org/schema/tx http://www.springframework.org/schema/tx/spring-tx.xsd
    http://www.springframework.org/schema/context http://www.springframework.org/schema/context/spring-context.xsd"
	default-autowire="byName">

	<context:annotation-config />


	<bean id="dataSource"
		class="org.springframework.jdbc.datasource.DriverManagerDataSource">
		<property name="driverClassName" value="com.mysql.jdbc.Driver" />
		<property name="url" value="jdbc:mysql://localhost:3306/db_lottery" />
		<property name="username" value="test_lottery" />
		<property name="password" value="test77" />
		<property name="connectionProperties">
			<props>
				<prop key="useUnicode">true</prop>
				<prop key="characterEncoding">utf-8</prop>
			</props>
		</property>
	</bean>

	<bean id="mainSessionFactory"
		class="org.springframework.orm.hibernate3.annotation.AnnotationSessionFactoryBean">
		<property name="hibernateProperties">
			<props>
				<prop key="hibernate.dialect">org.hibernate.dialect.MySQL5Dialect</prop>
				<prop key="hibernate.jdbc.fetch_size">20</prop>
				<prop key="hibernate.jdbc.batch_size">20</prop>
				<prop key="hibernate.show_sql">true</prop>
				<prop key="hibernate.order_updates">true</prop>
				<prop key="hibernate.cache.use_second_level_cache">false</prop>
			</props>
		</property>
		<property name="packagesToScan" value="com.xhcms.lottery.commons.persist.entity" />
	</bean>

  <bean id="sessionFactory" class="org.springframework.orm.hibernate3.annotation.AnnotationSessionFactoryBean">
    <property name="hibernateProperties">
      <props>
        <prop key="hibernate.dialect">org.hibernate.dialect.MySQL5Dialect</prop>
        <prop key="hibernate.jdbc.fetch_size">20</prop>
        <prop key="hibernate.jdbc.batch_size">20</prop>
        <prop key="hibernate.show_sql">true</prop>
        <prop key="hibernate.order_updates">true</prop>
        <prop key="hibernate.cache.use_second_level_cache">false</prop>
      </props>
    </property>
    <property name="packagesToScan" value="com.xhcms.lottery.commons.persist.entity"/>
  </bean>

	<bean id="accountDS"
		class="org.springframework.jdbc.datasource.DriverManagerDataSource">
		<property name="driverClassName" value="com.mysql.jdbc.Driver" />
		<property name="url" value="jdbc:mysql://localhost:3306/db_account" />
		<property name="username" value="test_account" />
		<property name="password" value="test77" />
		<property name="connectionProperties">
			<props>
				<prop key="useUnicode">true</prop>
				<prop key="characterEncoding">utf-8</prop>
			</props>
		</property>
	</bean>

	<bean id="accountSessionFactory"
		class="org.springframework.orm.hibernate3.annotation.AnnotationSessionFactoryBean">
		<property name="dataSource" ref="accountDS" />
		<property name="hibernateProperties">
			<props>
				<prop key="hibernate.dialect">${hibernate.dialect}</prop>
				<prop key="hibernate.jdbc.fetch_size">20</prop>
				<prop key="hibernate.jdbc.batch_size">20</prop>
				<prop key="hibernate.order_updates">true</prop>
				<prop key="hibernate.cache.use_second_level_cache">false</prop>
				<prop key="hibernate.show_sql">true</prop>
			</props>
		</property>
		<property name="packagesToScan" value="com.xhcms.lottery.commons.persist.entity" />
	</bean>

	<bean id="transactionManager"
		class="org.springframework.orm.hibernate3.HibernateTransactionManager">
		<property name="sessionFactory" ref="mainSessionFactory"></property>
	</bean>
	<tx:annotation-driven transaction-manager="transactionManager" />


	<bean id="issueinfoDao"
		class="com.xhcms.lottery.commons.persist.dao.impl.IssueinfoDaoImpl">
		<property name="sessionFactory" ref="mainSessionFactory" />
	</bean>
	<bean id="ticketDao"
		class="com.xhcms.lottery.commons.persist.dao.impl.TicketDaoImpl">
		<property name="sessionFactory" ref="mainSessionFactory" />
	</bean>
	<bean id="betSchemeDao"
		class="com.xhcms.lottery.commons.persist.dao.impl.BetSchemeDaoImpl">
		<property name="sessionFactory" ref="mainSessionFactory" />
	</bean>
	<bean id="betPartnerDao"
		class="com.xhcms.lottery.commons.persist.dao.impl.BetPartnerDaoImpl">
		<property name="sessionFactory" ref="mainSessionFactory" />
	</bean>
	<bean id="winDao" class="com.xhcms.lottery.commons.persist.dao.impl.WinDaoImpl">
		<property name="sessionFactory" ref="mainSessionFactory" />
	</bean>
	<bean id="userScoreDao"
		class="com.xhcms.lottery.commons.persist.dao.impl.UserScoreDaoImpl">
		<property name="sessionFactory" ref="mainSessionFactory" />
	</bean>
	<bean id="betMatchDao"
		class="com.xhcms.lottery.commons.persist.dao.impl.BetMatchDaoImpl">
		<property name="sessionFactory" ref="mainSessionFactory" />
	</bean>
	<bean id="fbMatchDao"
		class="com.xhcms.lottery.commons.persist.dao.impl.FBMatchDaoImpl">
		<property name="sessionFactory" ref="mainSessionFactory" />
	</bean>
	<bean id="fbMatchPlayDao"
		class="com.xhcms.lottery.commons.persist.dao.impl.FBMatchPlayDaoImpl">
		<property name="sessionFactory" ref="mainSessionFactory" />
	</bean>
	<bean id="bbMatchDao"
		class="com.xhcms.lottery.commons.persist.dao.impl.BBMatchDaoImpl">
		<property name="sessionFactory" ref="mainSessionFactory" />
	</bean>
	<bean id="bbMatchPlayDao"
		class="com.xhcms.lottery.commons.persist.dao.impl.BBMatchPlayDaoImpl">
		<property name="sessionFactory" ref="mainSessionFactory" />
	</bean>
	<bean id="playDao" class="com.xhcms.lottery.commons.persist.dao.impl.PlayDaoImpl">
		<property name="sessionFactory" ref="mainSessionFactory" />
	</bean>
	<bean id="userDao" class="com.xhcms.lottery.commons.persist.dao.impl.UserDaoImpl">
		<property name="sessionFactory" ref="mainSessionFactory" />
	</bean>
	<bean id="recommendUserDao"
		class="com.xhcms.lottery.commons.persist.dao.impl.RecommendUserDaoImpl">
		<property name="sessionFactory" ref="mainSessionFactory" />
	</bean>
	<bean id="customMadeAvaiableSchemeDao"
		class="com.xhcms.lottery.commons.persist.dao.impl.CustomMadeAvaiableSchemeDaoImpl">
		<property name="sessionFactory" ref="mainSessionFactory" />
	</bean>
	<bean id="showWinListDao"
		class="com.xhcms.lottery.commons.persist.dao.impl.ShowWinListDaoImpl">
		<property name="sessionFactory" ref="mainSessionFactory" />
	</bean>
	<bean id="followWinListDao"
		class="com.xhcms.lottery.commons.persist.dao.impl.FollowWinListDaoImpl">
		<property name="sessionFactory" ref="mainSessionFactory" />
	</bean>

	<!-- account相关的dao -->
	<bean id="accountDao"
		class="com.xhcms.lottery.commons.persist.dao.impl.AccountDaoImpl">
		<property name="sessionFactory" ref="accountSessionFactory" />
	</bean>
	<bean id="orderDao" class="com.xhcms.lottery.commons.persist.dao.impl.OrderDaoImpl">
		<property name="sessionFactory" ref="accountSessionFactory" />
	</bean>
	<bean id="rechargeDao"
		class="com.xhcms.lottery.commons.persist.dao.impl.RechargeDaoImpl">
		<property name="sessionFactory" ref="accountSessionFactory" />
	</bean>
	<bean id="withdrawDao"
		class="com.xhcms.lottery.commons.persist.dao.impl.WithdrawDaoImpl">
		<property name="sessionFactory" ref="accountSessionFactory" />
	</bean>

	<bean id="ctBetContentDao" class="com.xhcms.lottery.commons.persist.dao.impl.CTBetContentDaoImpl">
	  <property name="sessionFactory" ref="sessionFactory"></property>
	</bean>
	<bean id="ctFBMatchDao" class="com.xhcms.lottery.commons.persist.dao.impl.CTFBMatchDaoImpl">
	  <property name="sessionFactory" ref="sessionFactory"></property>
	</bean>
  	  


</beans>
