<?xml version="1.0" encoding="UTF-8"?>
<beans xmlns="http://www.springframework.org/schema/beans"
	xmlns:xsi="http://www.w3.org/2001/XMLSchema-instance" xmlns:tx="http://www.springframework.org/schema/tx"
	xmlns:context="http://www.springframework.org/schema/context"
	xsi:schemaLocation="http://www.springframework.org/schema/beans http://www.springframework.org/schema/beans/spring-beans.xsd
    http://www.springframework.org/schema/tx http://www.springframework.org/schema/tx/spring-tx.xsd
    http://www.springframework.org/schema/context http://www.springframework.org/schema/context/spring-context.xsd"
	default-autowire="byName">

	<import resource="test-db-spring.xml" />

	<bean name="databaseTester" class="org.dbunit.DataSourceDatabaseTester">
		<constructor-arg ref="dataSource" />
	</bean>

	<!-- DAO -->
	<bean id="issueinfoDao"
		class="com.xhcms.lottery.commons.persist.dao.impl.IssueinfoDaoImpl"></bean>
	<bean id="systemConfDao"
		class="com.xhcms.lottery.commons.persist.dao.impl.SystemConfDaoImpl"></bean>

	<!-- Service -->
	<bean id="issueinfoPOChangeUtil"
		class="com.xhcms.lottery.commons.util.IssueinfoPOChangeUtilImpl" />
	<bean id="issueInfo"
		class="com.xhcms.lottery.commons.persist.service.impl.IssueServiceImpl" >
			<property name="hfLotteryIdList">
				<list>
					<value>JX11</value>
					<value>CQSS</value>
				</list>
			</property>
	</bean>
	<bean id="systemConfImpl" class="com.xhcms.lottery.conf.SystemConfImpl"></bean>
	
	
	<bean id="openSaleIntercessor" class="com.xhcms.lottery.dc.task.ticket.OpenSaleIntercessor">
	  <property name="fbSaleTime">
	    <array>
	      <value>0902-2354</value> <!-- 周一 -->
	      <value>0902-2354</value>
	      <value>0902-2354</value>
	      <value>0902-2354</value>
	      <value>0902-2354</value>
	      <value>0902-0054</value>
	      <value>0902-0054</value>
	    </array>
	  </property>
	  <property name="bbSaleTime">
	    <array>
	      <value>0902-2354</value> <!-- 周一 -->
	      <value>0902-2354</value>
	      <value>0732-2354</value>
	      <value>0732-2354</value>
	      <value>0902-2354</value>
	      <value>0902-0054</value>
	      <value>0902-0054</value>
	    </array>
	  </property>
	  <property name="highFrequenceLotteryIdList">
	  	<list>
	  		<value>JX11</value>
	  		<value>CQSS</value>
	  	</list>
	  </property>
	</bean>
</beans>
