<?xml version="1.0" encoding="UTF-8"?>
<beans xmlns="http://www.springframework.org/schema/beans"
	xmlns:xsi="http://www.w3.org/2001/XMLSchema-instance" xmlns:tx="http://www.springframework.org/schema/tx"
	xmlns:context="http://www.springframework.org/schema/context" xmlns:amq="http://activemq.apache.org/schema/core"
	xsi:schemaLocation="http://www.springframework.org/schema/beans http://www.springframework.org/schema/beans/spring-beans.xsd
    http://www.springframework.org/schema/tx http://www.springframework.org/schema/tx/spring-tx.xsd
    http://www.springframework.org/schema/context http://www.springframework.org/schema/context/spring-context.xsd
    http://activemq.apache.org/schema/core http://activemq.apache.org/schema/core/activemq-core-5.5.0.xsd"
	default-autowire="byName">

	<import resource="test-db-spring-without-dbUnit.xml" />


	<!-- DAO -->
	<bean id="fbMatchPlayDao"
		class="com.xhcms.lottery.commons.persist.dao.impl.FBMatchPlayDaoImpl">
		<property name="sessionFactory" ref="mainSessionFactory" />
	</bean>
	<bean id="bbMatchPlayDao"
		class="com.xhcms.lottery.commons.persist.dao.impl.BBMatchPlayDaoImpl">
		<property name="sessionFactory" ref="mainSessionFactory" />
	</bean>
	<bean id="bbLeagueDao" class="com.unison.lottery.weibo.data.service.store.persist.dao.impl.BBLeagueDaoImpl">
		<property name="sessionFactory" ref="mainSessionFactory" />
	</bean>
	<bean id="bbTeamDao" class="com.unison.lottery.weibo.data.service.store.persist.dao.impl.BBTeamDaoImpl">
		<property name="sessionFactory" ref="mainSessionFactory" />
	</bean>
	<bean id="cTFBMatchDao"
		class="com.xhcms.lottery.commons.persist.dao.impl.CTFBMatchDaoImpl">
		<property name="sessionFactory" ref="mainSessionFactory" />
	</bean>
	<bean id="lotteryOpenSaleDao" class="com.xhcms.lottery.commons.persist.dao.impl.LotteryOpenSaleDaoImpl">
	 <property name="sessionFactory" ref="mainSessionFactory"/>
	</bean>
	<bean id="systemConfDao"
		class="com.xhcms.lottery.commons.persist.dao.impl.SystemConfDaoImpl">
		<property name="sessionFactory" ref="mainSessionFactory" />
	</bean>
	<bean id="jCLQAnalyseDao" class="com.davcai.lottery.dao.impl.JCLQAnalyseDaoImpl">
		<property name="sessionFactory" ref="mainSessionFactory" />
	</bean>
	<bean id="jCZQAnalyseDao" class="com.davcai.lottery.dao.impl.JCZQAnalyseDaoImpl">
		<property name="sessionFactory" ref="mainSessionFactory" />
	</bean>
	
	<bean id="maxAndMinBonusUtil" class="com.xhcms.lottery.commons.util.bonus.MaxAndMinBonusUtil">
	</bean>
	<bean id="bonusCalculatorService" class="com.xhcms.lottery.commons.persist.service.impl.BonusCalculatorServiceImpl">
	</bean>
	<bean id="checkMatchService" class="com.xhcms.lottery.commons.persist.service.impl.CheckMatchServiceImpl"/>
	<bean id="betOptionService" class="com.xhcms.lottery.commons.persist.service.impl.BetOptionServiceImpl"/>
	<bean id="matchService"
		class="com.xhcms.lottery.commons.persist.service.impl.MatchServiceImpl" />
		
    <bean id="matchNameService" class="com.davcai.lottery.service.impl.MatchNameServiceImpl"/>
	<bean name="initLeagueColor" init-method="init"
		class="com.xhcms.lottery.conf.LeagueColorConfImpl" >
		<property name="matchColorTimeout" value="60000"/>
	</bean>
</beans>
